<?xml version="1.0" encoding="UTF-8"?>
<!-- Generated by org.testng.reporters.JUnitXMLReporter -->
<testsuite hostname="ANDREW-PC" name="Yahoo Register Test" tests="3" failures="0" timestamp="16 Aug 2015 20:58:31 GMT" time="0.002" errors="0">
  <testcase name="testRegister" time="0.0" classname="test.YahooRegistrationTest"/>
  <testcase name="testRegister" time="0.0" classname="test.YahooRegistrationTest"/>
  <testcase name="testRegister" time="0.0" classname="test.YahooRegistrationTest"/>
</testsuite> <!-- Yahoo Register Test -->
